[2021-11-17 21:36:24] app.ERROR: Data from PrestaShop Addons is invalid, and cannot fallback on cache. [] []
[2021-11-17 21:36:40] app.INFO: Protect vendor folder in module blockwishlist [] []
[2021-11-17 21:36:40] app.INFO: Module blockwishlist has no vendor folder [] []
[2021-11-17 21:36:40] app.INFO: Protect vendor folder in module contactform [] []
[2021-11-17 21:36:40] app.INFO: Module contactform has no vendor folder [] []
[2021-11-17 21:36:41] app.INFO: Protect vendor folder in module dashactivity [] []
[2021-11-17 21:36:41] app.INFO: Module dashactivity has no vendor folder [] []
[2021-11-17 21:36:41] app.INFO: Protect vendor folder in module dashtrends [] []
[2021-11-17 21:36:41] app.INFO: Module dashtrends has no vendor folder [] []
[2021-11-17 21:36:41] app.INFO: Protect vendor folder in module dashgoals [] []
[2021-11-17 21:36:41] app.INFO: Module dashgoals has no vendor folder [] []
[2021-11-17 21:36:41] app.INFO: Protect vendor folder in module dashproducts [] []
[2021-11-17 21:36:41] app.INFO: Module dashproducts has no vendor folder [] []
[2021-11-17 21:36:42] app.INFO: Protect vendor folder in module graphnvd3 [] []
[2021-11-17 21:36:42] app.INFO: Module graphnvd3 has no vendor folder [] []
[2021-11-17 21:36:42] app.INFO: Protect vendor folder in module gridhtml [] []
[2021-11-17 21:36:42] app.INFO: Module gridhtml has no vendor folder [] []
[2021-11-17 21:36:42] app.INFO: Protect vendor folder in module gsitemap [] []
[2021-11-17 21:36:42] app.INFO: Module gsitemap has no vendor folder [] []
[2021-11-17 21:36:42] app.INFO: Protect vendor folder in module pagesnotfound [] []
[2021-11-17 21:36:42] app.INFO: Module pagesnotfound has no vendor folder [] []
[2021-11-17 21:36:43] app.INFO: Protect vendor folder in module productcomments [] []
[2021-11-17 21:36:43] app.INFO: Module productcomments has no vendor folder [] []
[2021-11-17 21:36:43] app.INFO: Protect vendor folder in module ps_banner [] []
[2021-11-17 21:36:43] app.INFO: Module ps_banner has no vendor folder [] []
[2021-11-17 21:36:43] app.INFO: Protect vendor folder in module ps_categorytree [] []
[2021-11-17 21:36:43] app.INFO: Module ps_categorytree has no vendor folder [] []
[2021-11-17 21:36:43] app.INFO: Protect vendor folder in module ps_checkpayment [] []
[2021-11-17 21:36:43] app.INFO: Module ps_checkpayment has no vendor folder [] []
[2021-11-17 21:36:43] app.INFO: Protect vendor folder in module ps_contactinfo [] []
[2021-11-17 21:36:43] app.INFO: Module ps_contactinfo has no vendor folder [] []
[2021-11-17 21:36:43] app.INFO: Protect vendor folder in module ps_crossselling [] []
[2021-11-17 21:36:43] app.INFO: Module ps_crossselling has no vendor folder [] []
[2021-11-17 21:36:43] app.INFO: Protect vendor folder in module ps_currencyselector [] []
[2021-11-17 21:36:43] app.INFO: Module ps_currencyselector has no vendor folder [] []
[2021-11-17 21:36:43] app.INFO: Protect vendor folder in module ps_customeraccountlinks [] []
[2021-11-17 21:36:43] app.INFO: Module ps_customeraccountlinks has no vendor folder [] []
[2021-11-17 21:36:43] app.INFO: Protect vendor folder in module ps_customersignin [] []
[2021-11-17 21:36:43] app.INFO: Module ps_customersignin has no vendor folder [] []
[2021-11-17 21:36:44] app.INFO: Protect vendor folder in module ps_customtext [] []
[2021-11-17 21:36:44] app.INFO: Module ps_customtext has no vendor folder [] []
[2021-11-17 21:36:44] app.INFO: Protect vendor folder in module ps_dataprivacy [] []
[2021-11-17 21:36:44] app.INFO: Module ps_dataprivacy has no vendor folder [] []
[2021-11-17 21:36:44] app.INFO: Protect vendor folder in module ps_emailsubscription [] []
[2021-11-17 21:36:44] app.INFO: Module ps_emailsubscription has no vendor folder [] []
[2021-11-17 21:36:45] app.INFO: Protect vendor folder in module ps_facetedsearch [] []
[2021-11-17 21:36:45] app.INFO: Module ps_facetedsearch has no vendor folder [] []
[2021-11-17 21:36:45] app.INFO: Protect vendor folder in module ps_faviconnotificationbo [] []
[2021-11-17 21:36:45] app.INFO: Module ps_faviconnotificationbo has no vendor folder [] []
[2021-11-17 21:36:46] app.INFO: Protect vendor folder in module ps_featuredproducts [] []
[2021-11-17 21:36:46] app.INFO: Module ps_featuredproducts has no vendor folder [] []
[2021-11-17 21:36:46] app.INFO: Protect vendor folder in module ps_imageslider [] []
[2021-11-17 21:36:46] app.INFO: Module ps_imageslider has no vendor folder [] []
[2021-11-17 21:36:46] app.INFO: Protect vendor folder in module ps_languageselector [] []
[2021-11-17 21:36:46] app.INFO: Module ps_languageselector has no vendor folder [] []
[2021-11-17 21:36:46] app.INFO: Protect vendor folder in module ps_linklist [] []
[2021-11-17 21:36:46] app.INFO: Module ps_linklist has no vendor folder [] []
[2021-11-17 21:36:47] app.INFO: Protect vendor folder in module ps_mainmenu [] []
[2021-11-17 21:36:47] app.INFO: Module ps_mainmenu has no vendor folder [] []
[2021-11-17 21:36:47] app.INFO: Protect vendor folder in module ps_searchbar [] []
[2021-11-17 21:36:47] app.INFO: Module ps_searchbar has no vendor folder [] []
[2021-11-17 21:36:47] app.INFO: Protect vendor folder in module ps_sharebuttons [] []
[2021-11-17 21:36:47] app.INFO: Module ps_sharebuttons has no vendor folder [] []
[2021-11-17 21:36:47] app.INFO: Protect vendor folder in module ps_shoppingcart [] []
[2021-11-17 21:36:47] app.INFO: Module ps_shoppingcart has no vendor folder [] []
[2021-11-17 21:36:47] app.INFO: Protect vendor folder in module ps_socialfollow [] []
[2021-11-17 21:36:47] app.INFO: Module ps_socialfollow has no vendor folder [] []
[2021-11-17 21:36:48] app.INFO: Protect vendor folder in module ps_themecusto [] []
[2021-11-17 21:36:48] app.INFO: Module ps_themecusto has no vendor folder [] []
[2021-11-17 21:36:48] app.INFO: Protect vendor folder in module ps_wirepayment [] []
[2021-11-17 21:36:48] app.INFO: Module ps_wirepayment has no vendor folder [] []
[2021-11-17 21:36:48] app.INFO: Protect vendor folder in module statsbestcategories [] []
[2021-11-17 21:36:48] app.INFO: Module statsbestcategories has no vendor folder [] []
[2021-11-17 21:36:48] app.INFO: Protect vendor folder in module statsbestcustomers [] []
[2021-11-17 21:36:48] app.INFO: Module statsbestcustomers has no vendor folder [] []
[2021-11-17 21:36:48] app.INFO: Protect vendor folder in module statsbestproducts [] []
[2021-11-17 21:36:48] app.INFO: Module statsbestproducts has no vendor folder [] []
[2021-11-17 21:36:48] app.INFO: Protect vendor folder in module statsbestsuppliers [] []
[2021-11-17 21:36:48] app.INFO: Module statsbestsuppliers has no vendor folder [] []
[2021-11-17 21:36:48] app.INFO: Protect vendor folder in module statsbestvouchers [] []
[2021-11-17 21:36:48] app.INFO: Module statsbestvouchers has no vendor folder [] []
[2021-11-17 21:36:48] app.INFO: Protect vendor folder in module statscarrier [] []
[2021-11-17 21:36:48] app.INFO: Module statscarrier has no vendor folder [] []
[2021-11-17 21:36:48] app.INFO: Protect vendor folder in module statscatalog [] []
[2021-11-17 21:36:48] app.INFO: Module statscatalog has no vendor folder [] []
[2021-11-17 21:36:49] app.INFO: Protect vendor folder in module statscheckup [] []
[2021-11-17 21:36:49] app.INFO: Module statscheckup has no vendor folder [] []
[2021-11-17 21:36:49] app.INFO: Protect vendor folder in module statsdata [] []
[2021-11-17 21:36:49] app.INFO: Module statsdata has no vendor folder [] []
[2021-11-17 21:36:49] app.INFO: Protect vendor folder in module statsforecast [] []
[2021-11-17 21:36:49] app.INFO: Module statsforecast has no vendor folder [] []
[2021-11-17 21:36:49] app.INFO: Protect vendor folder in module statsnewsletter [] []
[2021-11-17 21:36:49] app.INFO: Module statsnewsletter has no vendor folder [] []
[2021-11-17 21:36:49] app.INFO: Protect vendor folder in module statspersonalinfos [] []
[2021-11-17 21:36:49] app.INFO: Module statspersonalinfos has no vendor folder [] []
[2021-11-17 21:36:49] app.INFO: Protect vendor folder in module statsproduct [] []
[2021-11-17 21:36:49] app.INFO: Module statsproduct has no vendor folder [] []
[2021-11-17 21:36:49] app.INFO: Protect vendor folder in module statsregistrations [] []
[2021-11-17 21:36:49] app.INFO: Module statsregistrations has no vendor folder [] []
[2021-11-17 21:36:49] app.INFO: Protect vendor folder in module statssales [] []
[2021-11-17 21:36:49] app.INFO: Module statssales has no vendor folder [] []
[2021-11-17 21:36:49] app.INFO: Protect vendor folder in module statssearch [] []
[2021-11-17 21:36:49] app.INFO: Module statssearch has no vendor folder [] []
[2021-11-17 21:36:50] app.INFO: Protect vendor folder in module statsstock [] []
[2021-11-17 21:36:50] app.INFO: Module statsstock has no vendor folder [] []
[2021-11-17 21:36:50] app.INFO: Protect vendor folder in module welcome [] []
[2021-11-17 21:36:50] app.INFO: Module welcome has no vendor folder [] []
[2021-11-17 21:42:53] app.ERROR: Data from PrestaShop Addons is invalid, and cannot fallback on cache. [] []
[2021-11-17 21:42:53] app.INFO: Protect vendor folder in module gamification [] []
[2021-11-17 21:42:54] app.INFO: Protect vendor folder in module psgdpr [] []
[2021-11-17 21:42:54] app.INFO: Protect vendor folder in module ps_mbo [] []
[2021-11-17 21:42:54] app.INFO: Protect vendor folder in module ps_buybuttonlite [] []
[2021-11-17 21:42:56] app.INFO: Protect vendor folder in module ps_metrics [] []
[2021-11-17 21:42:57] app.INFO: Protect vendor folder in module ps_facebook [] []
[2021-11-17 21:43:09] app.ERROR: Data from PrestaShop Addons is invalid, and cannot fallback on cache. [] []
[2021-11-17 21:43:09] app.INFO: Protect vendor folder in module blockreassurance [] []
[2021-11-17 21:43:09] app.INFO: Module blockreassurance has no vendor folder [] []
[2021-11-17 21:43:35] app.ERROR: Data from PrestaShop Addons is invalid, and cannot fallback on cache. [] []
[2021-11-17 21:43:37] app.INFO: Protect vendor folder in module ps_facetedsearch [] []
[2021-11-17 21:43:37] app.INFO: Module ps_facetedsearch has no vendor folder [] []
[2021-11-17 21:51:57] request.INFO: Matched route "admin_product_form". {"route":"admin_product_form","route_parameters":{"_controller":"PrestaShopBundle\\Controller\\Admin\\ProductController::formAction","_legacy_controller":"AdminProducts","_legacy_param_mapper_class":"PrestaShop\\PrestaShop\\Adapter\\Product\\AdminProductDataProvider","_legacy_param_mapper_method":"mapLegacyParametersProductForm","id":"20","_route":"admin_product_form"},"request_uri":"http://localhost/prestashop/admin136q5gwpz/index.php/sell/catalog/products/20?_token=G3xSRLoKkPPlhE1xd-L_r-FrewCIrAvln2BSzos2-Eg","method":"GET"} []
[2021-11-17 21:51:57] security.DEBUG: Read existing security token from the session. {"key":"_security_main","token_class":"Symfony\\Component\\Security\\Core\\Authentication\\Token\\UsernamePasswordToken"} []
[2021-11-17 21:51:57] security.DEBUG: User was reloaded from a user provider. {"provider":"PrestaShopBundle\\Security\\Admin\\EmployeeProvider","username":"s180535@student.pg.edu.pl"} []
[2021-11-17 21:52:02] app.ERROR: Data from PrestaShop Addons is invalid, and cannot fallback on cache. [] []
[2021-11-17 21:52:03] security.DEBUG: Stored the security token in the session. {"key":"_security_main"} []
[2021-11-18 23:41:08] request.INFO: Matched route "admin_product_form". {"route":"admin_product_form","route_parameters":{"_controller":"PrestaShopBundle\\Controller\\Admin\\ProductController::formAction","_legacy_controller":"AdminProducts","_legacy_param_mapper_class":"PrestaShop\\PrestaShop\\Adapter\\Product\\AdminProductDataProvider","_legacy_param_mapper_method":"mapLegacyParametersProductForm","id":"12","_route":"admin_product_form"},"request_uri":"http://localhost/prestashop/admin136q5gwpz/index.php/sell/catalog/products/12?_token=RDpE5dGs-hVQ9mQj9yOEw6AuEO4qeeDmB8UutDEbOMc","method":"GET"} []
[2021-11-18 23:41:10] security.DEBUG: Read existing security token from the session. {"key":"_security_main","token_class":"Symfony\\Component\\Security\\Core\\Authentication\\Token\\UsernamePasswordToken"} []
[2021-11-18 23:41:10] security.DEBUG: User was reloaded from a user provider. {"provider":"PrestaShopBundle\\Security\\Admin\\EmployeeProvider","username":"s180535@student.pg.edu.pl"} []
[2021-11-18 23:41:16] app.ERROR: Data from PrestaShop Addons is invalid, and cannot fallback on cache. [] []
[2021-11-18 23:41:16] security.DEBUG: Stored the security token in the session. {"key":"_security_main"} []
[2021-11-18 23:41:15] request.INFO: Matched route "admin_product_form". {"route":"admin_product_form","route_parameters":{"_controller":"PrestaShopBundle\\Controller\\Admin\\ProductController::formAction","_legacy_controller":"AdminProducts","_legacy_param_mapper_class":"PrestaShop\\PrestaShop\\Adapter\\Product\\AdminProductDataProvider","_legacy_param_mapper_method":"mapLegacyParametersProductForm","id":"12","_route":"admin_product_form"},"request_uri":"http://localhost/prestashop/admin136q5gwpz/index.php/sell/catalog/products/12?_token=RDpE5dGs-hVQ9mQj9yOEw6AuEO4qeeDmB8UutDEbOMc","method":"GET"} []
[2021-11-18 23:41:16] security.DEBUG: Read existing security token from the session. {"key":"_security_main","token_class":"Symfony\\Component\\Security\\Core\\Authentication\\Token\\UsernamePasswordToken"} []
[2021-11-18 23:41:16] security.DEBUG: User was reloaded from a user provider. {"provider":"PrestaShopBundle\\Security\\Admin\\EmployeeProvider","username":"s180535@student.pg.edu.pl"} []
[2021-11-18 23:41:21] app.ERROR: Data from PrestaShop Addons is invalid, and cannot fallback on cache. [] []
[2021-11-18 23:41:21] security.DEBUG: Stored the security token in the session. {"key":"_security_main"} []
[2021-11-18 23:41:55] request.INFO: Matched route "admin_product_form". {"route":"admin_product_form","route_parameters":{"_controller":"PrestaShopBundle\\Controller\\Admin\\ProductController::formAction","_legacy_controller":"AdminProducts","_legacy_param_mapper_class":"PrestaShop\\PrestaShop\\Adapter\\Product\\AdminProductDataProvider","_legacy_param_mapper_method":"mapLegacyParametersProductForm","id":"1","_route":"admin_product_form"},"request_uri":"http://localhost/prestashop/admin136q5gwpz/index.php/sell/catalog/products/1?_token=RDpE5dGs-hVQ9mQj9yOEw6AuEO4qeeDmB8UutDEbOMc","method":"GET"} []
[2021-11-18 23:41:55] security.DEBUG: Read existing security token from the session. {"key":"_security_main","token_class":"Symfony\\Component\\Security\\Core\\Authentication\\Token\\UsernamePasswordToken"} []
[2021-11-18 23:41:55] security.DEBUG: User was reloaded from a user provider. {"provider":"PrestaShopBundle\\Security\\Admin\\EmployeeProvider","username":"s180535@student.pg.edu.pl"} []
[2021-11-18 23:42:00] app.ERROR: Data from PrestaShop Addons is invalid, and cannot fallback on cache. [] []
[2021-11-18 23:42:01] security.DEBUG: Stored the security token in the session. {"key":"_security_main"} []
[2021-11-18 23:56:31] request.INFO: Matched route "admin_mbo_recommended_modules". {"route":"admin_mbo_recommended_modules","route_parameters":{"_controller":"mbo.controller.modules.recommended:indexAction","_legacy_controller":"AdminPsMboRecommended","_legacy_link":"AdminPsMboRecommended","_route":"admin_mbo_recommended_modules"},"request_uri":"http://localhost/prestashop/admin136q5gwpz/index.php/modules/addons/modules/recommended?_token=RDpE5dGs-hVQ9mQj9yOEw6AuEO4qeeDmB8UutDEbOMc&tabClassName=AdminProducts","method":"GET"} []
[2021-11-18 23:56:31] security.DEBUG: Read existing security token from the session. {"key":"_security_main","token_class":"Symfony\\Component\\Security\\Core\\Authentication\\Token\\UsernamePasswordToken"} []
[2021-11-18 23:56:31] security.DEBUG: User was reloaded from a user provider. {"provider":"PrestaShopBundle\\Security\\Admin\\EmployeeProvider","username":"s180535@student.pg.edu.pl"} []
[2021-11-18 23:56:36] app.ERROR: Data from PrestaShop Addons is invalid, and cannot fallback on cache. [] []
[2021-11-18 23:56:37] security.DEBUG: Stored the security token in the session. {"key":"_security_main"} []
[2021-11-24 14:42:18] request.INFO: Matched route "admin_module_manage". {"route":"admin_module_manage","route_parameters":{"category":null,"keyword":null,"_controller":"PrestaShopBundle\\Controller\\Admin\\Improve\\ModuleController::manageAction","_legacy_controller":"AdminModulesManage","_legacy_link":["AdminModulesManage","AdminModulesSf"],"_route":"admin_module_manage"},"request_uri":"http://localhost/prestashop/admin136q5gwpz/index.php/improve/modules/manage?_token=UneUnCrxA9NJA95E0xHZ3VwGkihp3PwZ3MvGNfOIwkk","method":"GET"} []
[2021-11-24 14:42:18] security.DEBUG: Read existing security token from the session. {"key":"_security_main","token_class":"Symfony\\Component\\Security\\Core\\Authentication\\Token\\UsernamePasswordToken"} []
[2021-11-24 14:42:18] security.DEBUG: User was reloaded from a user provider. {"provider":"PrestaShopBundle\\Security\\Admin\\EmployeeProvider","username":"s180535@student.pg.edu.pl"} []
[2021-11-24 14:42:23] app.ERROR: Data from PrestaShop Addons is invalid, and cannot fallback on cache. [] []
[2021-11-24 14:42:24] security.DEBUG: Stored the security token in the session. {"key":"_security_main"} []
[2021-11-26 23:19:05] request.INFO: Matched route "api_translation_value_edit". {"route":"api_translation_value_edit","route_parameters":{"_controller":"prestashop.core.api.translation.controller:translationEditAction","_legacy_controller":"AdminTranslations","_route":"api_translation_value_edit"},"request_uri":"http://localhost/prestashop/admin136q5gwpz/index.php/api/translations/edit?_token=p_JGK7ECOvEfXMhFOEUenj0fh9UEtDVuG-pG5xuqoxg","method":"POST"} []
[2021-11-26 23:19:05] security.DEBUG: Read existing security token from the session. {"key":"_security_main","token_class":"Symfony\\Component\\Security\\Core\\Authentication\\Token\\UsernamePasswordToken"} []
[2021-11-26 23:19:05] security.DEBUG: User was reloaded from a user provider. {"provider":"PrestaShopBundle\\Security\\Admin\\EmployeeProvider","username":"s180535@student.pg.edu.pl"} []
[2021-11-26 23:19:05] app.ERROR: No result was found for query although at least one row was expected. {"object_type":"Translation"} []
[2021-11-26 23:19:05] cache.WARNING: Failed to clear the cache {"exception":"[object] (UnexpectedValueException(code: 0): RecursiveDirectoryIterator::__construct(/var/www/html/prestashop/var/cache/prod/pools/G-oa8hrI-D/): failed to open dir: No such file or directory at /var/www/html/prestashop/vendor/symfony/symfony/src/Symfony/Component/Cache/Traits/FilesystemCommonTrait.php:58)"} []
[2021-11-26 23:19:05] cache.WARNING: Failed to clear the cache {"exception":"[object] (UnexpectedValueException(code: 0): RecursiveDirectoryIterator::__construct(/var/www/html/prestashop/var/cache/prod/pools/Sza1mveLJl/): failed to open dir: No such file or directory at /var/www/html/prestashop/vendor/symfony/symfony/src/Symfony/Component/Cache/Traits/FilesystemCommonTrait.php:58)"} []
[2021-11-26 23:19:05] cache.WARNING: Failed to clear the cache {"exception":"[object] (UnexpectedValueException(code: 0): RecursiveDirectoryIterator::__construct(/var/www/html/prestashop/var/cache/prod/pools/MmFyWV7KV5/): failed to open dir: No such file or directory at /var/www/html/prestashop/vendor/symfony/symfony/src/Symfony/Component/Cache/Traits/FilesystemCommonTrait.php:58)"} []
[2021-11-26 23:19:05] cache.WARNING: Failed to clear the cache {"exception":"[object] (UnexpectedValueException(code: 0): RecursiveDirectoryIterator::__construct(/var/www/html/prestashop/var/cache/prod/pools/6q8LxLLhKg/): failed to open dir: No such file or directory at /var/www/html/prestashop/vendor/symfony/symfony/src/Symfony/Component/Cache/Traits/FilesystemCommonTrait.php:58)"} []
[2021-11-26 23:19:05] security.DEBUG: Stored the security token in the session. {"key":"_security_main"} []
[2021-11-26 23:31:16] request.INFO: Matched route "api_translation_value_edit". {"route":"api_translation_value_edit","route_parameters":{"_controller":"prestashop.core.api.translation.controller:translationEditAction","_legacy_controller":"AdminTranslations","_route":"api_translation_value_edit"},"request_uri":"http://localhost/prestashop/admin136q5gwpz/index.php/api/translations/edit?_token=p_JGK7ECOvEfXMhFOEUenj0fh9UEtDVuG-pG5xuqoxg","method":"POST"} []
[2021-11-26 23:31:16] security.DEBUG: Read existing security token from the session. {"key":"_security_main","token_class":"Symfony\\Component\\Security\\Core\\Authentication\\Token\\UsernamePasswordToken"} []
[2021-11-26 23:31:16] security.DEBUG: User was reloaded from a user provider. {"provider":"PrestaShopBundle\\Security\\Admin\\EmployeeProvider","username":"s180535@student.pg.edu.pl"} []
[2021-11-26 23:31:16] app.ERROR: No result was found for query although at least one row was expected. {"object_type":"Translation"} []
[2021-11-26 23:31:16] cache.WARNING: Failed to clear the cache {"exception":"[object] (UnexpectedValueException(code: 0): RecursiveDirectoryIterator::__construct(/var/www/html/prestashop/var/cache/prod/pools/G-oa8hrI-D/): failed to open dir: No such file or directory at /var/www/html/prestashop/vendor/symfony/symfony/src/Symfony/Component/Cache/Traits/FilesystemCommonTrait.php:58)"} []
[2021-11-26 23:31:16] cache.WARNING: Failed to clear the cache {"exception":"[object] (UnexpectedValueException(code: 0): RecursiveDirectoryIterator::__construct(/var/www/html/prestashop/var/cache/prod/pools/Sza1mveLJl/): failed to open dir: No such file or directory at /var/www/html/prestashop/vendor/symfony/symfony/src/Symfony/Component/Cache/Traits/FilesystemCommonTrait.php:58)"} []
[2021-11-26 23:31:16] cache.WARNING: Failed to clear the cache {"exception":"[object] (UnexpectedValueException(code: 0): RecursiveDirectoryIterator::__construct(/var/www/html/prestashop/var/cache/prod/pools/MmFyWV7KV5/): failed to open dir: No such file or directory at /var/www/html/prestashop/vendor/symfony/symfony/src/Symfony/Component/Cache/Traits/FilesystemCommonTrait.php:58)"} []
[2021-11-26 23:31:16] cache.WARNING: Failed to clear the cache {"exception":"[object] (UnexpectedValueException(code: 0): RecursiveDirectoryIterator::__construct(/var/www/html/prestashop/var/cache/prod/pools/6q8LxLLhKg/): failed to open dir: No such file or directory at /var/www/html/prestashop/vendor/symfony/symfony/src/Symfony/Component/Cache/Traits/FilesystemCommonTrait.php:58)"} []
[2021-11-26 23:31:16] security.DEBUG: Stored the security token in the session. {"key":"_security_main"} []
[2021-11-26 23:39:33] request.INFO: Matched route "api_translation_value_edit". {"route":"api_translation_value_edit","route_parameters":{"_controller":"prestashop.core.api.translation.controller:translationEditAction","_legacy_controller":"AdminTranslations","_route":"api_translation_value_edit"},"request_uri":"http://localhost/prestashop/admin136q5gwpz/index.php/api/translations/edit?_token=p_JGK7ECOvEfXMhFOEUenj0fh9UEtDVuG-pG5xuqoxg","method":"POST"} []
[2021-11-26 23:39:33] security.DEBUG: Read existing security token from the session. {"key":"_security_main","token_class":"Symfony\\Component\\Security\\Core\\Authentication\\Token\\UsernamePasswordToken"} []
[2021-11-26 23:39:33] security.DEBUG: User was reloaded from a user provider. {"provider":"PrestaShopBundle\\Security\\Admin\\EmployeeProvider","username":"s180535@student.pg.edu.pl"} []
[2021-11-26 23:39:33] app.ERROR: No result was found for query although at least one row was expected. {"object_type":"Translation"} []
[2021-11-26 23:39:33] cache.WARNING: Failed to clear the cache {"exception":"[object] (UnexpectedValueException(code: 0): RecursiveDirectoryIterator::__construct(/var/www/html/prestashop/var/cache/prod/pools/G-oa8hrI-D/): failed to open dir: No such file or directory at /var/www/html/prestashop/vendor/symfony/symfony/src/Symfony/Component/Cache/Traits/FilesystemCommonTrait.php:58)"} []
[2021-11-26 23:39:33] cache.WARNING: Failed to clear the cache {"exception":"[object] (UnexpectedValueException(code: 0): RecursiveDirectoryIterator::__construct(/var/www/html/prestashop/var/cache/prod/pools/Sza1mveLJl/): failed to open dir: No such file or directory at /var/www/html/prestashop/vendor/symfony/symfony/src/Symfony/Component/Cache/Traits/FilesystemCommonTrait.php:58)"} []
[2021-11-26 23:39:33] cache.WARNING: Failed to clear the cache {"exception":"[object] (UnexpectedValueException(code: 0): RecursiveDirectoryIterator::__construct(/var/www/html/prestashop/var/cache/prod/pools/MmFyWV7KV5/): failed to open dir: No such file or directory at /var/www/html/prestashop/vendor/symfony/symfony/src/Symfony/Component/Cache/Traits/FilesystemCommonTrait.php:58)"} []
[2021-11-26 23:39:33] cache.WARNING: Failed to clear the cache {"exception":"[object] (UnexpectedValueException(code: 0): RecursiveDirectoryIterator::__construct(/var/www/html/prestashop/var/cache/prod/pools/6q8LxLLhKg/): failed to open dir: No such file or directory at /var/www/html/prestashop/vendor/symfony/symfony/src/Symfony/Component/Cache/Traits/FilesystemCommonTrait.php:58)"} []
[2021-11-26 23:39:33] security.DEBUG: Stored the security token in the session. {"key":"_security_main"} []
